#
# There is insufficient memory for the Java Runtime Environment to continue.
# Native memory allocation (malloc) failed to allocate 702736 bytes for Chunk::new
# Possible reasons:
#   The system is out of physical RAM or swap space
#   The process is running with CompressedOops enabled, and the Java Heap may be blocking the growth of the native heap
# Possible solutions:
#   Reduce memory load on the system
#   Increase physical memory or swap space
#   Check if swap backing store is full
#   Decrease Java heap size (-Xmx/-Xms)
#   Decrease number of Java threads
#   Decrease Java thread stack sizes (-Xss)
#   Set larger code cache with -XX:ReservedCodeCacheSize=
#   JVM is running with Unscaled Compressed Oops mode in which the Java heap is
#     placed in the first 4GB address space. The Java Heap base address is the
#     maximum limit for the native heap growth. Please use -XX:HeapBaseMinAddress
#     to set the Java Heap base and to place the Java Heap above 4GB virtual address.
# This output file may be truncated or incomplete.
#
#  Out of Memory Error (./src/hotspot/share/memory/arena.cpp:197), pid=2748, tid=13048
#
# JRE version: OpenJDK Runtime Environment (11.0.12+7) (build 11.0.12+7-b1504.28-7817840)
# Java VM: OpenJDK 64-Bit Server VM (11.0.12+7-b1504.28-7817840, mixed mode, tiered, compressed oops, g1 gc, windows-amd64)
# No core dump will be written. Minidumps are not enabled by default on client versions of Windows
#

---------------  S U M M A R Y ------------

Command Line: --add-opens=java.base/java.util=ALL-UNNAMED --add-opens=java.base/java.lang=ALL-UNNAMED --add-opens=java.base/java.lang.invoke=ALL-UNNAMED --add-opens=java.base/java.util=ALL-UNNAMED --add-opens=java.prefs/java.util.prefs=ALL-UNNAMED --add-opens=java.prefs/java.util.prefs=ALL-UNNAMED --add-opens=java.base/java.nio.charset=ALL-UNNAMED --add-opens=java.base/java.net=ALL-UNNAMED --add-opens=java.base/java.util.concurrent.atomic=ALL-UNNAMED -Xmx2048m -Dfile.encoding=UTF-8 -Duser.country=US -Duser.language=en -Duser.variant org.gradle.launcher.daemon.bootstrap.GradleDaemon 7.3.3

Host: Intel(R) Core(TM) i5-8265U CPU @ 1.60GHz, 8 cores, 11G,  Windows 10 , 64 bit Build 19041 (10.0.19041.2364)
Time: Thu Dec 22 22:35:56 2022 SE Asia Standard Time elapsed time: 6.350356 seconds (0d 0h 0m 6s)

---------------  T H R E A D  ---------------

Current thread (0x000001f060024000):  JavaThread "C2 CompilerThread0" daemon [_thread_in_native, id=13048, stack(0x0000006457200000,0x0000006457300000)]


Current CompileTask:
C2:   6350 2601       4       jdk.internal.loader.URLClassPath::getResource (74 bytes)

Stack: [0x0000006457200000,0x0000006457300000]
Native frames: (J=compiled Java code, j=interpreted, Vv=VM code, C=native code)
V  [jvm.dll+0x5fbcea]
V  [jvm.dll+0x731905]
V  [jvm.dll+0x732f1d]
V  [jvm.dll+0x7335d3]
V  [jvm.dll+0x247bf8]
V  [jvm.dll+0xc018c]
V  [jvm.dll+0xc06cc]
V  [jvm.dll+0x2bcc04]
V  [jvm.dll+0x5113a8]
V  [jvm.dll+0x2018ec]
V  [jvm.dll+0x1ff71f]
V  [jvm.dll+0x18868c]
V  [jvm.dll+0x20e0d7]
V  [jvm.dll+0x20c901]
V  [jvm.dll+0x6f9b7f]
V  [jvm.dll+0x6f26a5]
V  [jvm.dll+0x5fabf6]
C  [ucrtbase.dll+0x21bb2]
C  [KERNEL32.DLL+0x17614]
C  [ntdll.dll+0x526a1]


---------------  P R O C E S S  ---------------

Threads class SMR info:
_java_thread_list=0x000001f061360c90, length=30, elements={
0x000001f0452d0000, 0x000001f05f79c800, 0x000001f05f79e000, 0x000001f06001d800,
0x000001f06001e800, 0x000001f060022800, 0x000001f060024000, 0x000001f060031800,
0x000001f060034800, 0x000001f06019c800, 0x000001f061469000, 0x000001f06039a000,
0x000001f061fa9800, 0x000001f0628ae800, 0x000001f061995800, 0x000001f0624eb800,
0x000001f0617dd800, 0x000001f0622cf000, 0x000001f062a21000, 0x000001f063114800,
0x000001f063111000, 0x000001f063110800, 0x000001f063117000, 0x000001f063115000,
0x000001f063116000, 0x000001f063113800, 0x000001f063112000, 0x000001f063112800,
0x000001f060e96000, 0x000001f060e96800
}

Java Threads: ( => current thread )
  0x000001f0452d0000 JavaThread "main" [_thread_blocked, id=2204, stack(0x0000006456600000,0x0000006456700000)]
  0x000001f05f79c800 JavaThread "Reference Handler" daemon [_thread_blocked, id=16148, stack(0x0000006456d00000,0x0000006456e00000)]
  0x000001f05f79e000 JavaThread "Finalizer" daemon [_thread_blocked, id=17516, stack(0x0000006456e00000,0x0000006456f00000)]
  0x000001f06001d800 JavaThread "Signal Dispatcher" daemon [_thread_blocked, id=10100, stack(0x0000006456f00000,0x0000006457000000)]
  0x000001f06001e800 JavaThread "Attach Listener" daemon [_thread_blocked, id=13444, stack(0x0000006457000000,0x0000006457100000)]
  0x000001f060022800 JavaThread "Service Thread" daemon [_thread_blocked, id=15364, stack(0x0000006457100000,0x0000006457200000)]
=>0x000001f060024000 JavaThread "C2 CompilerThread0" daemon [_thread_in_native, id=13048, stack(0x0000006457200000,0x0000006457300000)]
  0x000001f060031800 JavaThread "C1 CompilerThread0" daemon [_thread_blocked, id=13668, stack(0x0000006457300000,0x0000006457400000)]
  0x000001f060034800 JavaThread "Sweeper thread" daemon [_thread_blocked, id=12692, stack(0x0000006457400000,0x0000006457500000)]
  0x000001f06019c800 JavaThread "Common-Cleaner" daemon [_thread_blocked, id=13320, stack(0x0000006457500000,0x0000006457600000)]
  0x000001f061469000 JavaThread "Daemon health stats" [_thread_blocked, id=12244, stack(0x0000006457b00000,0x0000006457c00000)]
  0x000001f06039a000 JavaThread "Incoming local TCP Connector on port 65255" [_thread_in_native, id=13576, stack(0x0000006457700000,0x0000006457800000)]
  0x000001f061fa9800 JavaThread "Daemon periodic checks" [_thread_blocked, id=4868, stack(0x0000006457c00000,0x0000006457d00000)]
  0x000001f0628ae800 JavaThread "Daemon" [_thread_blocked, id=15256, stack(0x0000006457d00000,0x0000006457e00000)]
  0x000001f061995800 JavaThread "Handler for socket connection from /127.0.0.1:65255 to /127.0.0.1:65256" [_thread_in_native, id=9472, stack(0x0000006457e00000,0x0000006457f00000)]
  0x000001f0624eb800 JavaThread "Cancel handler" [_thread_blocked, id=15592, stack(0x0000006457f00000,0x0000006458000000)]
  0x000001f0617dd800 JavaThread "Daemon worker" [_thread_in_vm, id=7272, stack(0x0000006458000000,0x0000006458100000)]
  0x000001f0622cf000 JavaThread "Asynchronous log dispatcher for DefaultDaemonConnection: socket connection from /127.0.0.1:65255 to /127.0.0.1:65256" [_thread_blocked, id=10304, stack(0x0000006458100000,0x0000006458200000)]
  0x000001f062a21000 JavaThread "Stdin handler" [_thread_blocked, id=10356, stack(0x0000006458200000,0x0000006458300000)]
  0x000001f063114800 JavaThread "Daemon client event forwarder" [_thread_blocked, id=17900, stack(0x0000006458300000,0x0000006458400000)]
  0x000001f063111000 JavaThread "Cache worker for journal cache (C:\Users\hungn\.gradle\caches\journal-1)" [_thread_blocked, id=13292, stack(0x0000006458800000,0x0000006458900000)]
  0x000001f063110800 JavaThread "File lock request listener" [_thread_in_native, id=6848, stack(0x0000006458900000,0x0000006458a00000)]
  0x000001f063117000 JavaThread "Cache worker for file hash cache (C:\Users\hungn\.gradle\caches\7.3.3\fileHashes)" [_thread_blocked, id=15476, stack(0x0000006458a00000,0x0000006458b00000)]
  0x000001f063115000 JavaThread "Cache worker for file hash cache (E:\workspace\project mobile\Gallery-Android-Project\.gradle\7.3.3\fileHashes)" [_thread_blocked, id=10192, stack(0x0000006458c00000,0x0000006458d00000)]
  0x000001f063116000 JavaThread "File watcher server" daemon [_thread_in_native, id=4212, stack(0x0000006458d00000,0x0000006458e00000)]
  0x000001f063113800 JavaThread "File watcher consumer" daemon [_thread_blocked, id=15288, stack(0x0000006458e00000,0x0000006458f00000)]
  0x000001f063112000 JavaThread "Cache worker for checksums cache (E:\workspace\project mobile\Gallery-Android-Project\.gradle\7.3.3\checksums)" [_thread_blocked, id=3612, stack(0x0000006458f00000,0x0000006459000000)]
  0x000001f063112800 JavaThread "Cache worker for cache directory md-supplier (C:\Users\hungn\.gradle\caches\7.3.3\md-supplier)" [_thread_blocked, id=17696, stack(0x0000006459100000,0x0000006459200000)]
  0x000001f060e96000 JavaThread "Cache worker for cache directory md-rule (C:\Users\hungn\.gradle\caches\7.3.3\md-rule)" [_thread_blocked, id=11248, stack(0x0000006459200000,0x0000006459300000)]
  0x000001f060e96800 JavaThread "Cache worker for execution history cache (C:\Users\hungn\.gradle\caches\7.3.3\executionHistory)" [_thread_blocked, id=588, stack(0x0000006459300000,0x0000006459400000)]

Other Threads:
  0x000001f05f79a000 VMThread "VM Thread" [stack: 0x0000006456c00000,0x0000006456d00000] [id=4160]
  0x000001f0601a7800 WatcherThread [stack: 0x0000006457600000,0x0000006457700000] [id=9720]
  0x000001f0452e7800 GCTaskThread "GC Thread#0" [stack: 0x0000006456700000,0x0000006456800000] [id=15396]
  0x000001f0612ba000 GCTaskThread "GC Thread#1" [stack: 0x0000006457800000,0x0000006457900000] [id=13196]
  0x000001f0612b5800 GCTaskThread "GC Thread#2" [stack: 0x0000006457900000,0x0000006457a00000] [id=9168]
  0x000001f060a1f800 GCTaskThread "GC Thread#3" [stack: 0x0000006457a00000,0x0000006457b00000] [id=1088]
  0x000001f0626ee800 GCTaskThread "GC Thread#4" [stack: 0x0000006458400000,0x0000006458500000] [id=5904]
  0x000001f0617de800 GCTaskThread "GC Thread#5" [stack: 0x0000006458500000,0x0000006458600000] [id=14124]
  0x000001f0621ec800 GCTaskThread "GC Thread#6" [stack: 0x0000006458600000,0x0000006458700000] [id=1940]
  0x000001f061390800 GCTaskThread "GC Thread#7" [stack: 0x0000006458700000,0x0000006458800000] [id=15716]
  0x000001f04531a800 ConcurrentGCThread "G1 Main Marker" [stack: 0x0000006456800000,0x0000006456900000] [id=10288]
  0x000001f04531b800 ConcurrentGCThread "G1 Conc#0" [stack: 0x0000006456900000,0x0000006456a00000] [id=12576]
  0x000001f062a20800 ConcurrentGCThread "G1 Conc#1" [stack: 0x0000006458b00000,0x0000006458c00000] [id=5840]
  0x000001f05f60a800 ConcurrentGCThread "G1 Refine#0" [stack: 0x0000006456a00000,0x0000006456b00000] [id=17792]
  0x000001f05f60b000 ConcurrentGCThread "G1 Young RemSet Sampling" [stack: 0x0000006456b00000,0x0000006456c00000] [id=12468]

Threads with active compile tasks:
C2 CompilerThread0   6377 2601       4       jdk.internal.loader.URLClassPath::getResource (74 bytes)

VM state:not at safepoint (normal execution)

VM Mutex/Monitor currently owned by a thread: None

Heap address: 0x0000000080000000, size: 2048 MB, Compressed Oops mode: 32-bit
Narrow klass base: 0x0000000000000000, Narrow klass shift: 3
Compressed class space size: 1073741824 Address: 0x0000000100000000

Heap:
 garbage-first heap   total 194560K, used 55249K [0x0000000080000000, 0x0000000100000000)
  region size 1024K, 40 young (40960K), 4 survivors (4096K)
 Metaspace       used 32243K, capacity 33042K, committed 33280K, reserved 1077248K
  class space    used 4294K, capacity 4606K, committed 4608K, reserved 1048576K
Heap Regions: E=young(eden), S=young(survivor), O=old, HS=humongous(starts), HC=humongous(continues), CS=collection set, F=free, A=archive, TAMS=top-at-mark-start (previous, next)
|   0|0x0000000080000000, 0x0000000080100000, 0x0000000080100000|100%| O|  |TAMS 0x0000000080100000, 0x0000000080000000| Untracked 
|   1|0x0000000080100000, 0x0000000080200000, 0x0000000080200000|100%| O|  |TAMS 0x0000000080200000, 0x0000000080100000| Untracked 
|   2|0x0000000080200000, 0x0000000080300000, 0x0000000080300000|100%| O|  |TAMS 0x0000000080300000, 0x0000000080200000| Untracked 
|   3|0x0000000080300000, 0x0000000080400000, 0x0000000080400000|100%|HS|  |TAMS 0x0000000080400000, 0x0000000080300000| Complete 
|   4|0x0000000080400000, 0x0000000080500000, 0x0000000080500000|100%|HC|  |TAMS 0x0000000080500000, 0x0000000080400000| Complete 
|   5|0x0000000080500000, 0x0000000080600000, 0x0000000080600000|100%|HC|  |TAMS 0x0000000080600000, 0x0000000080500000| Complete 
|   6|0x0000000080600000, 0x0000000080700000, 0x0000000080700000|100%| O|  |TAMS 0x0000000080700000, 0x0000000080600000| Untracked 
|   7|0x0000000080700000, 0x0000000080800000, 0x0000000080800000|100%| O|  |TAMS 0x0000000080800000, 0x0000000080700000| Untracked 
|   8|0x0000000080800000, 0x0000000080900000, 0x0000000080900000|100%| O|  |TAMS 0x0000000080900000, 0x0000000080800000| Untracked 
|   9|0x0000000080900000, 0x0000000080a00000, 0x0000000080a00000|100%| O|  |TAMS 0x0000000080a00000, 0x0000000080900000| Untracked 
|  10|0x0000000080a00000, 0x0000000080b00000, 0x0000000080b00000|100%| O|  |TAMS 0x0000000080b00000, 0x0000000080a00000| Untracked 
|  11|0x0000000080b00000, 0x0000000080c00000, 0x0000000080c00000|100%| O|  |TAMS 0x0000000080c00000, 0x0000000080b00000| Untracked 
|  12|0x0000000080c00000, 0x0000000080d00000, 0x0000000080d00000|100%| O|  |TAMS 0x0000000080d00000, 0x0000000080c00000| Untracked 
|  13|0x0000000080d00000, 0x0000000080e00000, 0x0000000080e00000|100%| O|  |TAMS 0x0000000080e00000, 0x0000000080d00000| Untracked 
|  14|0x0000000080e00000, 0x0000000080f00000, 0x0000000080f00000|100%| O|  |TAMS 0x0000000080f00000, 0x0000000080e00000| Untracked 
|  15|0x0000000080f00000, 0x0000000080f91a00, 0x0000000081000000| 56%| O|  |TAMS 0x0000000080f91a00, 0x0000000080f00000| Untracked 
|  16|0x0000000081000000, 0x0000000081000000, 0x0000000081100000|  0%| F|  |TAMS 0x0000000081000000, 0x0000000081000000| Untracked 
|  17|0x0000000081100000, 0x0000000081100000, 0x0000000081200000|  0%| F|  |TAMS 0x0000000081100000, 0x0000000081100000| Untracked 
|  18|0x0000000081200000, 0x0000000081200000, 0x0000000081300000|  0%| F|  |TAMS 0x0000000081200000, 0x0000000081200000| Untracked 
|  19|0x0000000081300000, 0x0000000081300000, 0x0000000081400000|  0%| F|  |TAMS 0x0000000081300000, 0x0000000081300000| Untracked 
|  20|0x0000000081400000, 0x0000000081400000, 0x0000000081500000|  0%| F|  |TAMS 0x0000000081400000, 0x0000000081400000| Untracked 
|  21|0x0000000081500000, 0x0000000081500000, 0x0000000081600000|  0%| F|  |TAMS 0x0000000081500000, 0x0000000081500000| Untracked 
|  22|0x0000000081600000, 0x0000000081600000, 0x0000000081700000|  0%| F|  |TAMS 0x0000000081600000, 0x0000000081600000| Untracked 
|  23|0x0000000081700000, 0x0000000081700000, 0x0000000081800000|  0%| F|  |TAMS 0x0000000081700000, 0x0000000081700000| Untracked 
|  24|0x0000000081800000, 0x0000000081800000, 0x0000000081900000|  0%| F|  |TAMS 0x0000000081800000, 0x0000000081800000| Untracked 
|  25|0x0000000081900000, 0x0000000081900000, 0x0000000081a00000|  0%| F|  |TAMS 0x0000000081900000, 0x0000000081900000| Untracked 
|  26|0x0000000081a00000, 0x0000000081a00000, 0x0000000081b00000|  0%| F|  |TAMS 0x0000000081a00000, 0x0000000081a00000| Untracked 
|  27|0x0000000081b00000, 0x0000000081b00000, 0x0000000081c00000|  0%| F|  |TAMS 0x0000000081b00000, 0x0000000081b00000| Untracked 
|  28|0x0000000081c00000, 0x0000000081c00000, 0x0000000081d00000|  0%| F|  |TAMS 0x0000000081c00000, 0x0000000081c00000| Untracked 
|  29|0x0000000081d00000, 0x0000000081d00000, 0x0000000081e00000|  0%| F|  |TAMS 0x0000000081d00000, 0x0000000081d00000| Untracked 
|  30|0x0000000081e00000, 0x0000000081e00000, 0x0000000081f00000|  0%| F|  |TAMS 0x0000000081e00000, 0x0000000081e00000| Untracked 
|  31|0x0000000081f00000, 0x0000000081f00000, 0x0000000082000000|  0%| F|  |TAMS 0x0000000081f00000, 0x0000000081f00000| Untracked 
|  32|0x0000000082000000, 0x0000000082000000, 0x0000000082100000|  0%| F|  |TAMS 0x0000000082000000, 0x0000000082000000| Untracked 
|  33|0x0000000082100000, 0x0000000082100000, 0x0000000082200000|  0%| F|  |TAMS 0x0000000082100000, 0x0000000082100000| Untracked 
|  34|0x0000000082200000, 0x0000000082200000, 0x0000000082300000|  0%| F|  |TAMS 0x0000000082200000, 0x0000000082200000| Untracked 
|  35|0x0000000082300000, 0x0000000082300000, 0x0000000082400000|  0%| F|  |TAMS 0x0000000082300000, 0x0000000082300000| Untracked 
|  36|0x0000000082400000, 0x0000000082400000, 0x0000000082500000|  0%| F|  |TAMS 0x0000000082400000, 0x0000000082400000| Untracked 
|  37|0x0000000082500000, 0x0000000082500000, 0x0000000082600000|  0%| F|  |TAMS 0x0000000082500000, 0x0000000082500000| Untracked 
|  38|0x0000000082600000, 0x0000000082600000, 0x0000000082700000|  0%| F|  |TAMS 0x0000000082600000, 0x0000000082600000| Untracked 
|  39|0x0000000082700000, 0x0000000082700000, 0x0000000082800000|  0%| F|  |TAMS 0x0000000082700000, 0x0000000082700000| Untracked 
|  40|0x0000000082800000, 0x0000000082800000, 0x0000000082900000|  0%| F|  |TAMS 0x0000000082800000, 0x0000000082800000| Untracked 
|  41|0x0000000082900000, 0x0000000082900000, 0x0000000082a00000|  0%| F|  |TAMS 0x0000000082900000, 0x0000000082900000| Untracked 
|  42|0x0000000082a00000, 0x0000000082a00000, 0x0000000082b00000|  0%| F|  |TAMS 0x0000000082a00000, 0x0000000082a00000| Untracked 
|  43|0x0000000082b00000, 0x0000000082b00000, 0x0000000082c00000|  0%| F|  |TAMS 0x0000000082b00000, 0x0000000082b00000| Untracked 
|  44|0x0000000082c00000, 0x0000000082c00000, 0x0000000082d00000|  0%| F|  |TAMS 0x0000000082c00000, 0x0000000082c00000| Untracked 
|  45|0x0000000082d00000, 0x0000000082d00000, 0x0000000082e00000|  0%| F|  |TAMS 0x0000000082d00000, 0x0000000082d00000| Untracked 
|  46|0x0000000082e00000, 0x0000000082e00000, 0x0000000082f00000|  0%| F|  |TAMS 0x0000000082e00000, 0x0000000082e00000| Untracked 
|  47|0x0000000082f00000, 0x0000000082f00000, 0x0000000083000000|  0%| F|  |TAMS 0x0000000082f00000, 0x0000000082f00000| Untracked 
|  48|0x0000000083000000, 0x0000000083000000, 0x0000000083100000|  0%| F|  |TAMS 0x0000000083000000, 0x0000000083000000| Untracked 
|  49|0x0000000083100000, 0x0000000083100000, 0x0000000083200000|  0%| F|  |TAMS 0x0000000083100000, 0x0000000083100000| Untracked 
|  50|0x0000000083200000, 0x0000000083200000, 0x0000000083300000|  0%| F|  |TAMS 0x0000000083200000, 0x0000000083200000| Untracked 
|  51|0x0000000083300000, 0x0000000083300000, 0x0000000083400000|  0%| F|  |TAMS 0x0000000083300000, 0x0000000083300000| Untracked 
|  52|0x0000000083400000, 0x0000000083400000, 0x0000000083500000|  0%| F|  |TAMS 0x0000000083400000, 0x0000000083400000| Untracked 
|  53|0x0000000083500000, 0x0000000083500000, 0x0000000083600000|  0%| F|  |TAMS 0x0000000083500000, 0x0000000083500000| Untracked 
|  54|0x0000000083600000, 0x0000000083600000, 0x0000000083700000|  0%| F|  |TAMS 0x0000000083600000, 0x0000000083600000| Untracked 
|  55|0x0000000083700000, 0x0000000083700000, 0x0000000083800000|  0%| F|  |TAMS 0x0000000083700000, 0x0000000083700000| Untracked 
|  56|0x0000000083800000, 0x0000000083800000, 0x0000000083900000|  0%| F|  |TAMS 0x0000000083800000, 0x0000000083800000| Untracked 
|  57|0x0000000083900000, 0x0000000083900000, 0x0000000083a00000|  0%| F|  |TAMS 0x0000000083900000, 0x0000000083900000| Untracked 
|  58|0x0000000083a00000, 0x0000000083a00000, 0x0000000083b00000|  0%| F|  |TAMS 0x0000000083a00000, 0x0000000083a00000| Untracked 
|  59|0x0000000083b00000, 0x0000000083b00000, 0x0000000083c00000|  0%| F|  |TAMS 0x0000000083b00000, 0x0000000083b00000| Untracked 
|  60|0x0000000083c00000, 0x0000000083c00000, 0x0000000083d00000|  0%| F|  |TAMS 0x0000000083c00000, 0x0000000083c00000| Untracked 
|  61|0x0000000083d00000, 0x0000000083d00000, 0x0000000083e00000|  0%| F|  |TAMS 0x0000000083d00000, 0x0000000083d00000| Untracked 
|  62|0x0000000083e00000, 0x0000000083e00000, 0x0000000083f00000|  0%| F|  |TAMS 0x0000000083e00000, 0x0000000083e00000| Untracked 
|  63|0x0000000083f00000, 0x0000000083f00000, 0x0000000084000000|  0%| F|  |TAMS 0x0000000083f00000, 0x0000000083f00000| Untracked 
|  64|0x0000000084000000, 0x0000000084000000, 0x0000000084100000|  0%| F|  |TAMS 0x0000000084000000, 0x0000000084000000| Untracked 
|  65|0x0000000084100000, 0x0000000084100000, 0x0000000084200000|  0%| F|  |TAMS 0x0000000084100000, 0x0000000084100000| Untracked 
|  66|0x0000000084200000, 0x0000000084200000, 0x0000000084300000|  0%| F|  |TAMS 0x0000000084200000, 0x0000000084200000| Untracked 
|  67|0x0000000084300000, 0x0000000084300000, 0x0000000084400000|  0%| F|  |TAMS 0x0000000084300000, 0x0000000084300000| Untracked 
|  68|0x0000000084400000, 0x0000000084400000, 0x0000000084500000|  0%| F|  |TAMS 0x0000000084400000, 0x0000000084400000| Untracked 
|  69|0x0000000084500000, 0x0000000084500000, 0x0000000084600000|  0%| F|  |TAMS 0x0000000084500000, 0x0000000084500000| Untracked 
|  70|0x0000000084600000, 0x0000000084600000, 0x0000000084700000|  0%| F|  |TAMS 0x0000000084600000, 0x0000000084600000| Untracked 
|  71|0x0000000084700000, 0x0000000084700000, 0x0000000084800000|  0%| F|  |TAMS 0x0000000084700000, 0x0000000084700000| Untracked 
|  72|0x0000000084800000, 0x0000000084800000, 0x0000000084900000|  0%| F|  |TAMS 0x0000000084800000, 0x0000000084800000| Untracked 
|  73|0x0000000084900000, 0x0000000084900000, 0x0000000084a00000|  0%| F|  |TAMS 0x0000000084900000, 0x0000000084900000| Untracked 
|  74|0x0000000084a00000, 0x0000000084a00000, 0x0000000084b00000|  0%| F|  |TAMS 0x0000000084a00000, 0x0000000084a00000| Untracked 
|  75|0x0000000084b00000, 0x0000000084b00000, 0x0000000084c00000|  0%| F|  |TAMS 0x0000000084b00000, 0x0000000084b00000| Untracked 
|  76|0x0000000084c00000, 0x0000000084c00000, 0x0000000084d00000|  0%| F|  |TAMS 0x0000000084c00000, 0x0000000084c00000| Untracked 
|  77|0x0000000084d00000, 0x0000000084d00000, 0x0000000084e00000|  0%| F|  |TAMS 0x0000000084d00000, 0x0000000084d00000| Untracked 
|  78|0x0000000084e00000, 0x0000000084e00000, 0x0000000084f00000|  0%| F|  |TAMS 0x0000000084e00000, 0x0000000084e00000| Untracked 
|  79|0x0000000084f00000, 0x0000000084f00000, 0x0000000085000000|  0%| F|  |TAMS 0x0000000084f00000, 0x0000000084f00000| Untracked 
|  80|0x0000000085000000, 0x0000000085000000, 0x0000000085100000|  0%| F|  |TAMS 0x0000000085000000, 0x0000000085000000| Untracked 
|  81|0x0000000085100000, 0x0000000085100000, 0x0000000085200000|  0%| F|  |TAMS 0x0000000085100000, 0x0000000085100000| Untracked 
|  82|0x0000000085200000, 0x0000000085200000, 0x0000000085300000|  0%| F|  |TAMS 0x0000000085200000, 0x0000000085200000| Untracked 
|  83|0x0000000085300000, 0x0000000085300000, 0x0000000085400000|  0%| F|  |TAMS 0x0000000085300000, 0x0000000085300000| Untracked 
|  84|0x0000000085400000, 0x0000000085400000, 0x0000000085500000|  0%| F|  |TAMS 0x0000000085400000, 0x0000000085400000| Untracked 
|  85|0x0000000085500000, 0x0000000085500000, 0x0000000085600000|  0%| F|  |TAMS 0x0000000085500000, 0x0000000085500000| Untracked 
|  86|0x0000000085600000, 0x0000000085600000, 0x0000000085700000|  0%| F|  |TAMS 0x0000000085600000, 0x0000000085600000| Untracked 
|  87|0x0000000085700000, 0x0000000085700000, 0x0000000085800000|  0%| F|  |TAMS 0x0000000085700000, 0x0000000085700000| Untracked 
|  88|0x0000000085800000, 0x0000000085800000, 0x0000000085900000|  0%| F|  |TAMS 0x0000000085800000, 0x0000000085800000| Untracked 
|  89|0x0000000085900000, 0x0000000085900000, 0x0000000085a00000|  0%| F|  |TAMS 0x0000000085900000, 0x0000000085900000| Untracked 
|  90|0x0000000085a00000, 0x0000000085a00000, 0x0000000085b00000|  0%| F|  |TAMS 0x0000000085a00000, 0x0000000085a00000| Untracked 
|  91|0x0000000085b00000, 0x0000000085b00000, 0x0000000085c00000|  0%| F|  |TAMS 0x0000000085b00000, 0x0000000085b00000| Untracked 
|  92|0x0000000085c00000, 0x0000000085c00000, 0x0000000085d00000|  0%| F|  |TAMS 0x0000000085c00000, 0x0000000085c00000| Untracked 
|  93|0x0000000085d00000, 0x0000000085d00000, 0x0000000085e00000|  0%| F|  |TAMS 0x0000000085d00000, 0x0000000085d00000| Untracked 
|  94|0x0000000085e00000, 0x0000000085e00000, 0x0000000085f00000|  0%| F|  |TAMS 0x0000000085e00000, 0x0000000085e00000| Untracked 
|  95|0x0000000085f00000, 0x0000000085f00000, 0x0000000086000000|  0%| F|  |TAMS 0x0000000085f00000, 0x0000000085f00000| Untracked 
|  96|0x0000000086000000, 0x0000000086000000, 0x0000000086100000|  0%| F|  |TAMS 0x0000000086000000, 0x0000000086000000| Untracked 
|  97|0x0000000086100000, 0x0000000086100000, 0x0000000086200000|  0%| F|  |TAMS 0x0000000086100000, 0x0000000086100000| Untracked 
|  98|0x0000000086200000, 0x0000000086200000, 0x0000000086300000|  0%| F|  |TAMS 0x0000000086200000, 0x0000000086200000| Untracked 
|  99|0x0000000086300000, 0x0000000086300000, 0x0000000086400000|  0%| F|  |TAMS 0x0000000086300000, 0x0000000086300000| Untracked 
| 100|0x0000000086400000, 0x0000000086400000, 0x0000000086500000|  0%| F|  |TAMS 0x0000000086400000, 0x0000000086400000| Untracked 
| 101|0x0000000086500000, 0x0000000086500000, 0x0000000086600000|  0%| F|  |TAMS 0x0000000086500000, 0x0000000086500000| Untracked 
| 102|0x0000000086600000, 0x0000000086600000, 0x0000000086700000|  0%| F|  |TAMS 0x0000000086600000, 0x0000000086600000| Untracked 
| 103|0x0000000086700000, 0x0000000086700000, 0x0000000086800000|  0%| F|  |TAMS 0x0000000086700000, 0x0000000086700000| Untracked 
| 104|0x0000000086800000, 0x0000000086800000, 0x0000000086900000|  0%| F|  |TAMS 0x0000000086800000, 0x0000000086800000| Untracked 
| 105|0x0000000086900000, 0x0000000086900000, 0x0000000086a00000|  0%| F|  |TAMS 0x0000000086900000, 0x0000000086900000| Untracked 
| 106|0x0000000086a00000, 0x0000000086a00000, 0x0000000086b00000|  0%| F|  |TAMS 0x0000000086a00000, 0x0000000086a00000| Untracked 
| 107|0x0000000086b00000, 0x0000000086b00000, 0x0000000086c00000|  0%| F|  |TAMS 0x0000000086b00000, 0x0000000086b00000| Untracked 
| 108|0x0000000086c00000, 0x0000000086c00000, 0x0000000086d00000|  0%| F|  |TAMS 0x0000000086c00000, 0x0000000086c00000| Untracked 
| 109|0x0000000086d00000, 0x0000000086d00000, 0x0000000086e00000|  0%| F|  |TAMS 0x0000000086d00000, 0x0000000086d00000| Untracked 
| 110|0x0000000086e00000, 0x0000000086e00000, 0x0000000086f00000|  0%| F|  |TAMS 0x0000000086e00000, 0x0000000086e00000| Untracked 
| 111|0x0000000086f00000, 0x0000000086f62be8, 0x0000000087000000| 38%| S|CS|TAMS 0x0000000086f00000, 0x0000000086f00000| Complete 
| 112|0x0000000087000000, 0x0000000087100000, 0x0000000087100000|100%| S|CS|TAMS 0x0000000087000000, 0x0000000087000000| Complete 
| 113|0x0000000087100000, 0x0000000087200000, 0x0000000087200000|100%| S|CS|TAMS 0x0000000087100000, 0x0000000087100000| Complete 
| 114|0x0000000087200000, 0x0000000087300000, 0x0000000087300000|100%| S|CS|TAMS 0x0000000087200000, 0x0000000087200000| Complete 
| 115|0x0000000087300000, 0x0000000087300000, 0x0000000087400000|  0%| F|  |TAMS 0x0000000087300000, 0x0000000087300000| Untracked 
| 116|0x0000000087400000, 0x0000000087400000, 0x0000000087500000|  0%| F|  |TAMS 0x0000000087400000, 0x0000000087400000| Untracked 
| 117|0x0000000087500000, 0x0000000087500000, 0x0000000087600000|  0%| F|  |TAMS 0x0000000087500000, 0x0000000087500000| Untracked 
| 118|0x0000000087600000, 0x0000000087600000, 0x0000000087700000|  0%| F|  |TAMS 0x0000000087600000, 0x0000000087600000| Untracked 
| 119|0x0000000087700000, 0x0000000087700000, 0x0000000087800000|  0%| F|  |TAMS 0x0000000087700000, 0x0000000087700000| Untracked 
| 120|0x0000000087800000, 0x0000000087800000, 0x0000000087900000|  0%| F|  |TAMS 0x0000000087800000, 0x0000000087800000| Untracked 
| 121|0x0000000087900000, 0x0000000087900000, 0x0000000087a00000|  0%| F|  |TAMS 0x0000000087900000, 0x0000000087900000| Untracked 
| 122|0x0000000087a00000, 0x0000000087a00000, 0x0000000087b00000|  0%| F|  |TAMS 0x0000000087a00000, 0x0000000087a00000| Untracked 
| 123|0x0000000087b00000, 0x0000000087b00000, 0x0000000087c00000|  0%| F|  |TAMS 0x0000000087b00000, 0x0000000087b00000| Untracked 
| 124|0x0000000087c00000, 0x0000000087c00000, 0x0000000087d00000|  0%| F|  |TAMS 0x0000000087c00000, 0x0000000087c00000| Untracked 
| 125|0x0000000087d00000, 0x0000000087d00000, 0x0000000087e00000|  0%| F|  |TAMS 0x0000000087d00000, 0x0000000087d00000| Untracked 
| 126|0x0000000087e00000, 0x0000000087e00000, 0x0000000087f00000|  0%| F|  |TAMS 0x0000000087e00000, 0x0000000087e00000| Untracked 
| 127|0x0000000087f00000, 0x0000000087f00000, 0x0000000088000000|  0%| F|  |TAMS 0x0000000087f00000, 0x0000000087f00000| Untracked 
| 128|0x0000000088000000, 0x0000000088000000, 0x0000000088100000|  0%| F|  |TAMS 0x0000000088000000, 0x0000000088000000| Untracked 
| 129|0x0000000088100000, 0x0000000088100000, 0x0000000088200000|  0%| F|  |TAMS 0x0000000088100000, 0x0000000088100000| Untracked 
| 130|0x0000000088200000, 0x0000000088200000, 0x0000000088300000|  0%| F|  |TAMS 0x0000000088200000, 0x0000000088200000| Untracked 
| 131|0x0000000088300000, 0x0000000088300000, 0x0000000088400000|  0%| F|  |TAMS 0x0000000088300000, 0x0000000088300000| Untracked 
| 132|0x0000000088400000, 0x0000000088400000, 0x0000000088500000|  0%| F|  |TAMS 0x0000000088400000, 0x0000000088400000| Untracked 
| 133|0x0000000088500000, 0x0000000088500000, 0x0000000088600000|  0%| F|  |TAMS 0x0000000088500000, 0x0000000088500000| Untracked 
| 134|0x0000000088600000, 0x0000000088600000, 0x0000000088700000|  0%| F|  |TAMS 0x0000000088600000, 0x0000000088600000| Untracked 
| 135|0x0000000088700000, 0x0000000088700000, 0x0000000088800000|  0%| F|  |TAMS 0x0000000088700000, 0x0000000088700000| Untracked 
| 136|0x0000000088800000, 0x0000000088800000, 0x0000000088900000|  0%| F|  |TAMS 0x0000000088800000, 0x0000000088800000| Untracked 
| 137|0x0000000088900000, 0x0000000088900000, 0x0000000088a00000|  0%| F|  |TAMS 0x0000000088900000, 0x0000000088900000| Untracked 
| 138|0x0000000088a00000, 0x0000000088a00000, 0x0000000088b00000|  0%| F|  |TAMS 0x0000000088a00000, 0x0000000088a00000| Untracked 
| 139|0x0000000088b00000, 0x0000000088b00000, 0x0000000088c00000|  0%| F|  |TAMS 0x0000000088b00000, 0x0000000088b00000| Untracked 
| 140|0x0000000088c00000, 0x0000000088c00000, 0x0000000088d00000|  0%| F|  |TAMS 0x0000000088c00000, 0x0000000088c00000| Untracked 
| 141|0x0000000088d00000, 0x0000000088d00000, 0x0000000088e00000|  0%| F|  |TAMS 0x0000000088d00000, 0x0000000088d00000| Untracked 
| 142|0x0000000088e00000, 0x0000000088e00000, 0x0000000088f00000|  0%| F|  |TAMS 0x0000000088e00000, 0x0000000088e00000| Untracked 
| 143|0x0000000088f00000, 0x0000000088f00000, 0x0000000089000000|  0%| F|  |TAMS 0x0000000088f00000, 0x0000000088f00000| Untracked 
| 144|0x0000000089000000, 0x0000000089000000, 0x0000000089100000|  0%| F|  |TAMS 0x0000000089000000, 0x0000000089000000| Untracked 
| 145|0x0000000089100000, 0x0000000089100000, 0x0000000089200000|  0%| F|  |TAMS 0x0000000089100000, 0x0000000089100000| Untracked 
| 146|0x0000000089200000, 0x0000000089200000, 0x0000000089300000|  0%| F|  |TAMS 0x0000000089200000, 0x0000000089200000| Untracked 
| 147|0x0000000089300000, 0x0000000089300000, 0x0000000089400000|  0%| F|  |TAMS 0x0000000089300000, 0x0000000089300000| Untracked 
| 148|0x0000000089400000, 0x0000000089400000, 0x0000000089500000|  0%| F|  |TAMS 0x0000000089400000, 0x0000000089400000| Untracked 
| 149|0x0000000089500000, 0x0000000089500000, 0x0000000089600000|  0%| F|  |TAMS 0x0000000089500000, 0x0000000089500000| Untracked 
| 150|0x0000000089600000, 0x0000000089600000, 0x0000000089700000|  0%| F|  |TAMS 0x0000000089600000, 0x0000000089600000| Untracked 
| 151|0x0000000089700000, 0x0000000089700000, 0x0000000089800000|  0%| F|  |TAMS 0x0000000089700000, 0x0000000089700000| Untracked 
| 152|0x0000000089800000, 0x0000000089800000, 0x0000000089900000|  0%| F|  |TAMS 0x0000000089800000, 0x0000000089800000| Untracked 
| 153|0x0000000089900000, 0x0000000089900000, 0x0000000089a00000|  0%| F|  |TAMS 0x0000000089900000, 0x0000000089900000| Untracked 
| 154|0x0000000089a00000, 0x0000000089abcca0, 0x0000000089b00000| 73%| E|  |TAMS 0x0000000089a00000, 0x0000000089a00000| Complete 
| 155|0x0000000089b00000, 0x0000000089c00000, 0x0000000089c00000|100%| E|CS|TAMS 0x0000000089b00000, 0x0000000089b00000| Complete 
| 156|0x0000000089c00000, 0x0000000089d00000, 0x0000000089d00000|100%| E|CS|TAMS 0x0000000089c00000, 0x0000000089c00000| Complete 
| 157|0x0000000089d00000, 0x0000000089e00000, 0x0000000089e00000|100%| E|CS|TAMS 0x0000000089d00000, 0x0000000089d00000| Complete 
| 158|0x0000000089e00000, 0x0000000089f00000, 0x0000000089f00000|100%| E|CS|TAMS 0x0000000089e00000, 0x0000000089e00000| Complete 
| 159|0x0000000089f00000, 0x000000008a000000, 0x000000008a000000|100%| E|CS|TAMS 0x0000000089f00000, 0x0000000089f00000| Complete 
| 160|0x000000008a000000, 0x000000008a100000, 0x000000008a100000|100%| E|CS|TAMS 0x000000008a000000, 0x000000008a000000| Complete 
| 161|0x000000008a100000, 0x000000008a200000, 0x000000008a200000|100%| E|CS|TAMS 0x000000008a100000, 0x000000008a100000| Complete 
| 162|0x000000008a200000, 0x000000008a300000, 0x000000008a300000|100%| E|CS|TAMS 0x000000008a200000, 0x000000008a200000| Complete 
| 163|0x000000008a300000, 0x000000008a400000, 0x000000008a400000|100%| E|CS|TAMS 0x000000008a300000, 0x000000008a300000| Complete 
| 164|0x000000008a400000, 0x000000008a500000, 0x000000008a500000|100%| E|CS|TAMS 0x000000008a400000, 0x000000008a400000| Complete 
| 165|0x000000008a500000, 0x000000008a600000, 0x000000008a600000|100%| E|CS|TAMS 0x000000008a500000, 0x000000008a500000| Complete 
| 166|0x000000008a600000, 0x000000008a700000, 0x000000008a700000|100%| E|CS|TAMS 0x000000008a600000, 0x000000008a600000| Complete 
| 167|0x000000008a700000, 0x000000008a800000, 0x000000008a800000|100%| E|CS|TAMS 0x000000008a700000, 0x000000008a700000| Complete 
| 168|0x000000008a800000, 0x000000008a900000, 0x000000008a900000|100%| E|CS|TAMS 0x000000008a800000, 0x000000008a800000| Complete 
| 169|0x000000008a900000, 0x000000008aa00000, 0x000000008aa00000|100%| E|CS|TAMS 0x000000008a900000, 0x000000008a900000| Complete 
| 170|0x000000008aa00000, 0x000000008ab00000, 0x000000008ab00000|100%| E|CS|TAMS 0x000000008aa00000, 0x000000008aa00000| Complete 
| 171|0x000000008ab00000, 0x000000008ac00000, 0x000000008ac00000|100%| E|CS|TAMS 0x000000008ab00000, 0x000000008ab00000| Complete 
| 172|0x000000008ac00000, 0x000000008ad00000, 0x000000008ad00000|100%| E|CS|TAMS 0x000000008ac00000, 0x000000008ac00000| Complete 
| 173|0x000000008ad00000, 0x000000008ae00000, 0x000000008ae00000|100%| E|CS|TAMS 0x000000008ad00000, 0x000000008ad00000| Complete 
| 174|0x000000008ae00000, 0x000000008af00000, 0x000000008af00000|100%| E|CS|TAMS 0x000000008ae00000, 0x000000008ae00000| Complete 
| 175|0x000000008af00000, 0x000000008b000000, 0x000000008b000000|100%| E|CS|TAMS 0x000000008af00000, 0x000000008af00000| Complete 
| 176|0x000000008b000000, 0x000000008b100000, 0x000000008b100000|100%| E|CS|TAMS 0x000000008b000000, 0x000000008b000000| Complete 
| 177|0x000000008b100000, 0x000000008b200000, 0x000000008b200000|100%| E|CS|TAMS 0x000000008b100000, 0x000000008b100000| Complete 
| 178|0x000000008b200000, 0x000000008b300000, 0x000000008b300000|100%| E|CS|TAMS 0x000000008b200000, 0x000000008b200000| Complete 
| 179|0x000000008b300000, 0x000000008b400000, 0x000000008b400000|100%| E|CS|TAMS 0x000000008b300000, 0x000000008b300000| Complete 
| 180|0x000000008b400000, 0x000000008b500000, 0x000000008b500000|100%| E|CS|TAMS 0x000000008b400000, 0x000000008b400000| Complete 
| 181|0x000000008b500000, 0x000000008b600000, 0x000000008b600000|100%| E|CS|TAMS 0x000000008b500000, 0x000000008b500000| Complete 
| 182|0x000000008b600000, 0x000000008b700000, 0x000000008b700000|100%| E|CS|TAMS 0x000000008b600000, 0x000000008b600000| Complete 
| 183|0x000000008b700000, 0x000000008b800000, 0x000000008b800000|100%| E|CS|TAMS 0x000000008b700000, 0x000000008b700000| Complete 
| 184|0x000000008b800000, 0x000000008b900000, 0x000000008b900000|100%| E|CS|TAMS 0x000000008b800000, 0x000000008b800000| Complete 
| 185|0x000000008b900000, 0x000000008ba00000, 0x000000008ba00000|100%| E|CS|TAMS 0x000000008b900000, 0x000000008b900000| Complete 
| 186|0x000000008ba00000, 0x000000008bb00000, 0x000000008bb00000|100%| E|CS|TAMS 0x000000008ba00000, 0x000000008ba00000| Complete 
| 187|0x000000008bb00000, 0x000000008bc00000, 0x000000008bc00000|100%| E|CS|TAMS 0x000000008bb00000, 0x000000008bb00000| Complete 
| 188|0x000000008bc00000, 0x000000008bd00000, 0x000000008bd00000|100%| E|CS|TAMS 0x000000008bc00000, 0x000000008bc00000| Complete 
| 189|0x000000008bd00000, 0x000000008be00000, 0x000000008be00000|100%| E|CS|TAMS 0x000000008bd00000, 0x000000008bd00000| Complete 

Card table byte_map: [0x000001f058510000,0x000001f058910000] _byte_map_base: 0x000001f058110000

Marking Bits (Prev, Next): (CMBitMap*) 0x000001f045311b10, (CMBitMap*) 0x000001f045311ad8
 Prev Bits: [0x000001f05ad10000, 0x000001f05cd10000)
 Next Bits: [0x000001f058d10000, 0x000001f05ad10000)

Polling page: 0x000001f043210000

Metaspace:

Usage:
  Non-class:     28.02 MB capacity,    27.51 MB ( 98%) used,   450.96 KB (  2%) free+waste,    68.44 KB ( <1%) overhead. 
      Class:      4.50 MB capacity,     4.20 MB ( 93%) used,   275.81 KB (  6%) free+waste,    34.00 KB ( <1%) overhead. 
       Both:     32.52 MB capacity,    31.71 MB ( 98%) used,   726.77 KB (  2%) free+waste,   102.44 KB ( <1%) overhead. 

Virtual space:
  Non-class space:       30.00 MB reserved,      28.25 MB ( 94%) committed 
      Class space:        1.00 GB reserved,       4.50 MB ( <1%) committed 
             Both:        1.03 GB reserved,      32.75 MB (  3%) committed 

Chunk freelists:
   Non-Class:  44.00 KB
       Class:  2.00 KB
        Both:  46.00 KB

MaxMetaspaceSize: 17179869184.00 GB
CompressedClassSpaceSize: 1.00 GB
Initial GC threshold: 20.80 MB
Current GC threshold: 35.00 MB
CDS: off

CodeHeap 'non-profiled nmethods': size=120000Kb used=1363Kb max_used=1363Kb free=118636Kb
 bounds [0x000001f0508b0000, 0x000001f050b20000, 0x000001f057de0000]
CodeHeap 'profiled nmethods': size=120000Kb used=5797Kb max_used=5797Kb free=114203Kb
 bounds [0x000001f049380000, 0x000001f049930000, 0x000001f0508b0000]
CodeHeap 'non-nmethods': size=5760Kb used=1234Kb max_used=1271Kb free=4526Kb
 bounds [0x000001f048de0000, 0x000001f049050000, 0x000001f049380000]
 total_blobs=3217 nmethods=2706 adapters=423
 compilation: enabled
              stopped_count=0, restarted_count=0
 full_count=0

Compilation events (20 events):
Event: 6.324 Thread 0x000001f060031800 2669       3       java.util.stream.MatchOps$MatchOp::getOpFlags (8 bytes)
Event: 6.324 Thread 0x000001f060031800 nmethod 2669 0x000001f049913510 code [0x000001f0499136c0, 0x000001f0499137b8]
Event: 6.324 Thread 0x000001f060031800 2670       3       java.util.stream.MatchOps$MatchOp::evaluateSequential (7 bytes)
Event: 6.324 Thread 0x000001f060031800 nmethod 2670 0x000001f049913890 code [0x000001f049913aa0, 0x000001f0499140b8]
Event: 6.324 Thread 0x000001f060031800 2671       3       java.util.stream.MatchOps$MatchOp::evaluateSequential (27 bytes)
Event: 6.324 Thread 0x000001f060031800 nmethod 2671 0x000001f049914290 code [0x000001f049914480, 0x000001f049914a38]
Event: 6.324 Thread 0x000001f060031800 2672       3       java.util.stream.MatchOps$$Lambda$170/0x000000010037a440::get (12 bytes)
Event: 6.325 Thread 0x000001f060031800 nmethod 2672 0x000001f049914b90 code [0x000001f049914d60, 0x000001f049915158]
Event: 6.325 Thread 0x000001f060031800 2665       3       org.codehaus.groovy.vmplugin.v9.Java9$$Lambda$268/0x000000010046e040::get$Lambda (9 bytes)
Event: 6.325 Thread 0x000001f060031800 nmethod 2665 0x000001f049915310 code [0x000001f0499154e0, 0x000001f049915738]
Event: 6.326 Thread 0x000001f060031800 2674       3       java.util.Spliterators$IteratorSpliterator::estimateSize (41 bytes)
Event: 6.327 Thread 0x000001f060031800 nmethod 2674 0x000001f049915810 code [0x000001f0499159e0, 0x000001f049915d18]
Event: 6.327 Thread 0x000001f060031800 2675       1       java.lang.module.ModuleDescriptor$Opens::source (5 bytes)
Event: 6.327 Thread 0x000001f060031800 nmethod 2675 0x000001f050a03490 code [0x000001f050a03640, 0x000001f050a036f8]
Event: 6.330 Thread 0x000001f060031800 2678       3       org.codehaus.groovy.vmplugin.v9.Java9::isExported (21 bytes)
Event: 6.331 Thread 0x000001f060031800 nmethod 2678 0x000001f049915e10 code [0x000001f049916040, 0x000001f049916738]
Event: 6.331 Thread 0x000001f060031800 2679       3       org.codehaus.groovy.vmplugin.v9.Java9$$Lambda$269/0x000000010046e440::get$Lambda (9 bytes)
Event: 6.331 Thread 0x000001f060031800 nmethod 2679 0x000001f049916990 code [0x000001f049916b60, 0x000001f049916db8]
Event: 6.331 Thread 0x000001f060031800 2680       3       org.codehaus.groovy.vmplugin.v9.Java9$$Lambda$269/0x000000010046e440::<init> (10 bytes)
Event: 6.331 Thread 0x000001f060031800 nmethod 2680 0x000001f049916e90 code [0x000001f049917040, 0x000001f0499171f8]

GC Heap History (10 events):
Event: 1.028 GC heap before
{Heap before GC invocations=0 (full 0):
 garbage-first heap   total 194560K, used 29696K [0x0000000080000000, 0x0000000100000000)
  region size 1024K, 24 young (24576K), 0 survivors (0K)
 Metaspace       used 9873K, capacity 10118K, committed 10368K, reserved 1058816K
  class space    used 1027K, capacity 1102K, committed 1152K, reserved 1048576K
}
Event: 1.035 GC heap after
{Heap after GC invocations=1 (full 0):
 garbage-first heap   total 194560K, used 9065K [0x0000000080000000, 0x0000000100000000)
  region size 1024K, 3 young (3072K), 3 survivors (3072K)
 Metaspace       used 9873K, capacity 10118K, committed 10368K, reserved 1058816K
  class space    used 1027K, capacity 1102K, committed 1152K, reserved 1048576K
}
Event: 1.420 GC heap before
{Heap before GC invocations=1 (full 0):
 garbage-first heap   total 194560K, used 29545K [0x0000000080000000, 0x0000000100000000)
  region size 1024K, 23 young (23552K), 3 survivors (3072K)
 Metaspace       used 10790K, capacity 11009K, committed 11264K, reserved 1058816K
  class space    used 1129K, capacity 1207K, committed 1280K, reserved 1048576K
}
Event: 1.424 GC heap after
{Heap after GC invocations=2 (full 0):
 garbage-first heap   total 194560K, used 9830K [0x0000000080000000, 0x0000000100000000)
  region size 1024K, 1 young (1024K), 1 survivors (1024K)
 Metaspace       used 10790K, capacity 11009K, committed 11264K, reserved 1058816K
  class space    used 1129K, capacity 1207K, committed 1280K, reserved 1048576K
}
Event: 3.285 GC heap before
{Heap before GC invocations=2 (full 0):
 garbage-first heap   total 194560K, used 64102K [0x0000000080000000, 0x0000000100000000)
  region size 1024K, 53 young (54272K), 1 survivors (1024K)
 Metaspace       used 17606K, capacity 17971K, committed 18176K, reserved 1064960K
  class space    used 2078K, capacity 2209K, committed 2304K, reserved 1048576K
}
Event: 3.291 GC heap after
{Heap after GC invocations=3 (full 0):
 garbage-first heap   total 194560K, used 16184K [0x0000000080000000, 0x0000000100000000)
  region size 1024K, 7 young (7168K), 7 survivors (7168K)
 Metaspace       used 17606K, capacity 17971K, committed 18176K, reserved 1064960K
  class space    used 2078K, capacity 2209K, committed 2304K, reserved 1048576K
}
Event: 3.651 GC heap before
{Heap before GC invocations=3 (full 0):
 garbage-first heap   total 194560K, used 45880K [0x0000000080000000, 0x0000000100000000)
  region size 1024K, 37 young (37888K), 7 survivors (7168K)
 Metaspace       used 20734K, capacity 21138K, committed 21248K, reserved 1067008K
  class space    used 2550K, capacity 2711K, committed 2816K, reserved 1048576K
}
Event: 3.662 GC heap after
{Heap after GC invocations=4 (full 0):
 garbage-first heap   total 194560K, used 17103K [0x0000000080000000, 0x0000000100000000)
  region size 1024K, 2 young (2048K), 2 survivors (2048K)
 Metaspace       used 20734K, capacity 21138K, committed 21248K, reserved 1067008K
  class space    used 2550K, capacity 2711K, committed 2816K, reserved 1048576K
}
Event: 5.409 GC heap before
{Heap before GC invocations=5 (full 0):
 garbage-first heap   total 194560K, used 90831K [0x0000000080000000, 0x0000000100000000)
  region size 1024K, 75 young (76800K), 2 survivors (2048K)
 Metaspace       used 27870K, capacity 28508K, committed 28800K, reserved 1075200K
  class space    used 3671K, capacity 3925K, committed 3968K, reserved 1048576K
}
Event: 5.415 GC heap after
{Heap after GC invocations=6 (full 0):
 garbage-first heap   total 194560K, used 19409K [0x0000000080000000, 0x0000000100000000)
  region size 1024K, 4 young (4096K), 4 survivors (4096K)
 Metaspace       used 27870K, capacity 28508K, committed 28800K, reserved 1075200K
  class space    used 3671K, capacity 3925K, committed 3968K, reserved 1048576K
}

Deoptimization events (20 events):
Event: 4.687 Thread 0x000001f0617dd800 DEOPT PACKING pc=0x000001f05090ea28 sp=0x00000064580fa650
Event: 4.687 Thread 0x000001f0617dd800 DEOPT UNPACKING pc=0x000001f048e2a1af sp=0x00000064580fa550 mode 2
Event: 5.531 Thread 0x000001f0617dd800 Uncommon trap: trap_request=0xffffff4d fr.pc=0x000001f050990dcc relative=0x000000000000020c
Event: 5.531 Thread 0x000001f0617dd800 Uncommon trap: reason=unstable_if action=reinterpret pc=0x000001f050990dcc method=java.util.HashMap.hash(Ljava/lang/Object;)I @ 1 c2
Event: 5.531 Thread 0x000001f0617dd800 DEOPT PACKING pc=0x000001f050990dcc sp=0x00000064580f89a0
Event: 5.531 Thread 0x000001f0617dd800 DEOPT UNPACKING pc=0x000001f048e2a1af sp=0x00000064580f88d8 mode 2
Event: 5.531 Thread 0x000001f0617dd800 Uncommon trap: trap_request=0xffffff4d fr.pc=0x000001f05091ed2c relative=0x000000000000008c
Event: 5.531 Thread 0x000001f0617dd800 Uncommon trap: reason=unstable_if action=reinterpret pc=0x000001f05091ed2c method=java.util.HashMap.hash(Ljava/lang/Object;)I @ 1 c2
Event: 5.531 Thread 0x000001f0617dd800 DEOPT PACKING pc=0x000001f05091ed2c sp=0x00000064580f8710
Event: 5.531 Thread 0x000001f0617dd800 DEOPT UNPACKING pc=0x000001f048e2a1af sp=0x00000064580f86a8 mode 2
Event: 5.994 Thread 0x000001f0617dd800 DEOPT PACKING pc=0x000001f04979a6f9 sp=0x00000064580f8a20
Event: 5.994 Thread 0x000001f0617dd800 DEOPT UNPACKING pc=0x000001f048e2a95e sp=0x00000064580f7f68 mode 0
Event: 6.024 Thread 0x000001f0617dd800 Uncommon trap: trap_request=0xffffff4d fr.pc=0x000001f0509ef264 relative=0x00000000000001a4
Event: 6.024 Thread 0x000001f0617dd800 Uncommon trap: reason=unstable_if action=reinterpret pc=0x000001f0509ef264 method=java.util.regex.Pattern$BmpCharProperty.match(Ljava/util/regex/Matcher;ILjava/lang/CharSequence;)Z @ 39 c2
Event: 6.024 Thread 0x000001f0617dd800 DEOPT PACKING pc=0x000001f0509ef264 sp=0x00000064580f9360
Event: 6.024 Thread 0x000001f0617dd800 DEOPT UNPACKING pc=0x000001f048e2a1af sp=0x00000064580f9310 mode 2
Event: 6.090 Thread 0x000001f0617dd800 Uncommon trap: trap_request=0xffffff4d fr.pc=0x000001f050991730 relative=0x0000000000000230
Event: 6.090 Thread 0x000001f0617dd800 Uncommon trap: reason=unstable_if action=reinterpret pc=0x000001f050991730 method=java.util.HashMap.putVal(ILjava/lang/Object;Ljava/lang/Object;ZZ)Ljava/lang/Object; @ 162 c2
Event: 6.090 Thread 0x000001f0617dd800 DEOPT PACKING pc=0x000001f050991730 sp=0x00000064580fa420
Event: 6.090 Thread 0x000001f0617dd800 DEOPT UNPACKING pc=0x000001f048e2a1af sp=0x00000064580fa330 mode 2

Classes redefined (0 events):
No events

Internal exceptions (20 events):
Event: 4.567 Thread 0x000001f0617dd800 Exception <a 'java/lang/NoSuchMethodError'{0x000000008886eb50}: 'void java.lang.invoke.DirectMethodHandle$Holder.invokeStatic(java.lang.Object, java.lang.Object, java.lang.Object, java.lang.Object)'> (0x000000008886eb50) thrown at [./src/hotspot/share/interpreter/linkResolver.cpp, line 773]
Event: 4.577 Thread 0x000001f0617dd800 Exception <a 'java/lang/NoSuchMethodError'{0x000000008889e6a8}: 'java.lang.Object java.lang.invoke.DirectMethodHandle$Holder.invokeVirtual(java.lang.Object, java.lang.Object, java.lang.Object)'> (0x000000008889e6a8) thrown at [./src/hotspot/share/interpreter/linkResolver.cpp, line 773]
Event: 4.582 Thread 0x000001f0617dd800 Exception <a 'java/lang/NoSuchMethodError'{0x00000000888c7220}: 'int java.lang.invoke.DirectMethodHandle$Holder.invokeVirtual(java.lang.Object, java.lang.Object)'> (0x00000000888c7220) thrown at [./src/hotspot/share/interpreter/linkResolver.cpp, line 773]
Event: 4.595 Thread 0x000001f0617dd800 Exception <a 'java/lang/NoSuchMethodError'{0x0000000088722490}: 'int java.lang.invoke.DirectMethodHandle$Holder.invokeVirtual(java.lang.Object, java.lang.Object, java.lang.Object)'> (0x0000000088722490) thrown at [./src/hotspot/share/interpreter/linkResolver.cpp, line 773]
Event: 4.650 Thread 0x000001f0617dd800 Exception <a 'java/lang/NoSuchMethodError'{0x0000000088688f30}: 'void java.lang.invoke.DirectMethodHandle$Holder.invokeSpecial(java.lang.Object, java.lang.Object)'> (0x0000000088688f30) thrown at [./src/hotspot/share/interpreter/linkResolver.cpp, line 773]
Event: 5.011 Thread 0x000001f0617dd800 Exception <a 'java/lang/NoSuchMethodError'{0x0000000087cc5ca8}: 'java.lang.Object java.lang.invoke.DirectMethodHandle$Holder.invokeSpecialIFC(java.lang.Object, java.lang.Object, java.lang.Object, java.lang.Object)'> (0x0000000087cc5ca8) thrown at [./src/hotspot/share/interpreter/linkResolver.cpp, line 773]
Event: 5.066 Thread 0x000001f0617dd800 Exception <a 'java/lang/NoSuchMethodError'{0x0000000087bc9c58}: 'java.lang.Object java.lang.invoke.DirectMethodHandle$Holder.invokeSpecial(java.lang.Object, java.lang.Object, java.lang.Object, java.lang.Object, java.lang.Object, java.lang.Object, java.lang.Object, java.lang.Object, java.lang.Object, java.lang.Object, java.lang.Object, java.lang.Object, java.lang.Object)'> (0x0000000087bc9c58) thrown at [./src/hotspot/share/interpreter/linkResolver.cpp, line 773]
Event: 5.067 Thread 0x000001f0617dd800 Exception <a 'java/lang/NoSuchMethodError'{0x0000000087bdaab8}: 'java.lang.Object java.lang.invoke.DirectMethodHandle$Holder.invokeSpecial(java.lang.Object, java.lang.Object, java.lang.Object, java.lang.Object, java.lang.Object, java.lang.Object, java.lang.Object, java.lang.Object, java.lang.Object, java.lang.Object, java.lang.Object, java.lang.Object)'> (0x0000000087bdaab8) thrown at [./src/hotspot/share/interpreter/linkResolver.cpp, line 773]
Event: 5.068 Thread 0x000001f0617dd800 Exception <a 'java/lang/NoSuchMethodError'{0x0000000087bdfe60}: 'java.lang.Object java.lang.invoke.Invokers$Holder.linkToTargetMethod(java.lang.Object, java.lang.Object, java.lang.Object, java.lang.Object, java.lang.Object, java.lang.Object, java.lang.Object, java.lang.Object, java.lang.Object, java.lang.Object, java.lang.Object)'> (0x0000000087bdfe60) thrown at [./src/hotspot/share/interpreter/linkResolver.cpp, line 773]
Event: 5.139 Thread 0x000001f0617dd800 Exception <a 'java/lang/NoSuchMethodError'{0x0000000087937820}: 'java.lang.Object java.lang.invoke.DirectMethodHandle$Holder.invokeSpecial(java.lang.Object, java.lang.Object, java.lang.Object, java.lang.Object, java.lang.Object, java.lang.Object, java.lang.Object, java.lang.Object, java.lang.Object, java.lang.Object, java.lang.Object, java.lang.Object, java.lang.Object, java.lang.Object)'> (0x0000000087937820) thrown at [./src/hotspot/share/interpreter/linkResolver.cpp, line 773]
Event: 5.141 Thread 0x000001f0617dd800 Exception <a 'java/lang/NoSuchMethodError'{0x0000000087948e98}: 'java.lang.Object java.lang.invoke.Invokers$Holder.linkToTargetMethod(java.lang.Object, java.lang.Object, java.lang.Object, java.lang.Object, java.lang.Object, java.lang.Object, java.lang.Object, java.lang.Object, java.lang.Object, java.lang.Object, java.lang.Object, java.lang.Object)'> (0x0000000087948e98) thrown at [./src/hotspot/share/interpreter/linkResolver.cpp, line 773]
Event: 5.215 Thread 0x000001f0617dd800 Exception <a 'java/lang/NoSuchMethodError'{0x0000000087834008}: 'java.lang.Object java.lang.invoke.DirectMethodHandle$Holder.invokeStaticInit(java.lang.Object, java.lang.Object, java.lang.Object, java.lang.Object)'> (0x0000000087834008) thrown at [./src/hotspot/share/interpreter/linkResolver.cpp, line 773]
Event: 5.531 Thread 0x000001f0617dd800 Implicit null exception at 0x000001f050990bf5 to 0x000001f050990dbc
Event: 5.531 Thread 0x000001f0617dd800 Implicit null exception at 0x000001f05091ecaf to 0x000001f05091ed1d
Event: 5.838 Thread 0x000001f0617dd800 Exception <a 'java/lang/NoSuchMethodError'{0x000000008b1738c0}: 'java.lang.Object java.lang.invoke.Invokers$Holder.linkToTargetMethod(java.lang.Object, java.lang.Object, java.lang.Object, java.lang.Object, java.lang.Object, java.lang.Object, java.lang.Object, java.lang.Object)'> (0x000000008b1738c0) thrown at [./src/hotspot/share/interpreter/linkResolver.cpp, line 773]
Event: 5.845 Thread 0x000001f0617dd800 Exception <a 'java/lang/NoSuchMethodError'{0x000000008b1c1c80}: 'java.lang.Object java.lang.invoke.Invokers$Holder.linkToTargetMethod(java.lang.Object, java.lang.Object, java.lang.Object, java.lang.Object, java.lang.Object, java.lang.Object, java.lang.Object)'> (0x000000008b1c1c80) thrown at [./src/hotspot/share/interpreter/linkResolver.cpp, line 773]
Event: 5.851 Thread 0x000001f0617dd800 Exception <a 'java/lang/IncompatibleClassChangeError'{0x000000008b0021b8}: Found class java.lang.Object, but interface was expected> (0x000000008b0021b8) thrown at [./src/hotspot/share/interpreter/linkResolver.cpp, line 839]
Event: 6.297 Thread 0x000001f0617dd800 Exception <a 'java/lang/NoSuchMethodError'{0x0000000089c97450}: 'void java.lang.invoke.DirectMethodHandle$Holder.invokeStaticInit(java.lang.Object, java.lang.Object, java.lang.Object)'> (0x0000000089c97450) thrown at [./src/hotspot/share/interpreter/linkResolver.cpp, line 773]
Event: 6.297 Thread 0x000001f0617dd800 Exception <a 'java/lang/NoSuchMethodError'{0x0000000089c9e6a8}: 'void java.lang.invoke.DirectMethodHandle$Holder.invokeStaticInit(java.lang.Object, java.lang.Object, java.lang.Object, java.lang.Object)'> (0x0000000089c9e6a8) thrown at [./src/hotspot/share/interpreter/linkResolver.cpp, line 773]
Event: 6.301 Thread 0x000001f0617dd800 Exception <a 'java/lang/NoSuchMethodError'{0x0000000089cc0d00}: 'void java.lang.invoke.DirectMethodHandle$Holder.invokeStaticInit(java.lang.Object, java.lang.Object, java.lang.Object, java.lang.Object, java.lang.Object)'> (0x0000000089cc0d00) thrown at [./src/hotspot/share/interpreter/linkResolver.cpp, line 773]

Events (20 events):
Event: 6.279 loading class org/codehaus/groovy/ast/FieldNode
Event: 6.279 loading class org/codehaus/groovy/ast/FieldNode done
Event: 6.280 loading class org/codehaus/groovy/ast/MethodNode
Event: 6.280 loading class org/codehaus/groovy/ast/MethodNode done
Event: 6.281 loading class org/codehaus/groovy/ast/ConstructorNode
Event: 6.281 loading class org/codehaus/groovy/ast/ConstructorNode done
Event: 6.282 loading class org/codehaus/groovy/ast/PackageNode
Event: 6.282 loading class org/codehaus/groovy/ast/PackageNode done
Event: 6.282 loading class org/codehaus/groovy/ast/expr/PropertyExpression
Event: 6.282 loading class org/codehaus/groovy/ast/expr/PropertyExpression done
Event: 6.283 loading class java/lang/IllegalCallerException
Event: 6.284 loading class java/lang/IllegalCallerException done
Event: 6.285 loading class org/codehaus/groovy/vmplugin/v8/PluginDefaultGroovyMethods
Event: 6.285 loading class org/codehaus/groovy/vmplugin/v8/PluginDefaultGroovyMethods done
Event: 6.286 loading class org/codehaus/groovy/runtime/DefaultGroovyMethodsSupport
Event: 6.286 loading class org/codehaus/groovy/runtime/DefaultGroovyMethodsSupport done
Event: 6.288 loading class jdk/internal/module/SystemModules$all
Event: 6.291 loading class jdk/internal/module/SystemModules$all done
Event: 6.295 loading class java/util/Spliterators$IteratorSpliterator
Event: 6.296 loading class java/util/Spliterators$IteratorSpliterator done


Dynamic libraries:
0x00007ff715540000 - 0x00007ff71554a000 	C:\Program Files\Android\Android Studio\jre\bin\java.exe
0x00007ffe361b0000 - 0x00007ffe363a8000 	C:\Windows\SYSTEM32\ntdll.dll
0x00007ffe35520000 - 0x00007ffe355df000 	C:\Windows\System32\KERNEL32.DLL
0x00007ffe338a0000 - 0x00007ffe33b72000 	C:\Windows\System32\KERNELBASE.dll
0x00007ffe1df70000 - 0x00007ffe1df89000 	C:\Program Files\Android\Android Studio\jre\bin\jli.dll
0x00007ffe34610000 - 0x00007ffe347b1000 	C:\Windows\System32\USER32.dll
0x00007ffe341c0000 - 0x00007ffe341e2000 	C:\Windows\System32\win32u.dll
0x00007ffe34cf0000 - 0x00007ffe34d1b000 	C:\Windows\System32\GDI32.dll
0x00007ffe1cd80000 - 0x00007ffe1cd97000 	C:\Program Files\Android\Android Studio\jre\bin\VCRUNTIME140.dll
0x00007ffe33db0000 - 0x00007ffe33ebf000 	C:\Windows\System32\gdi32full.dll
0x00007ffe33b80000 - 0x00007ffe33c80000 	C:\Windows\System32\ucrtbase.dll
0x00007ffe33d10000 - 0x00007ffe33dad000 	C:\Windows\System32\msvcp_win.dll
0x00007ffe1a9a0000 - 0x00007ffe1ac3a000 	C:\Windows\WinSxS\amd64_microsoft.windows.common-controls_6595b64144ccf1df_6.0.19041.1110_none_60b5254171f9507e\COMCTL32.dll
0x00007ffe360d0000 - 0x00007ffe3616e000 	C:\Windows\System32\msvcrt.dll
0x00007ffe35e90000 - 0x00007ffe35ec2000 	C:\Windows\System32\IMM32.DLL
0x00007ffe0e870000 - 0x00007ffe0e90d000 	C:\Program Files\Android\Android Studio\jre\bin\msvcp140.dll
0x00007ffdde8c0000 - 0x00007ffddf3a5000 	C:\Program Files\Android\Android Studio\jre\bin\server\jvm.dll
0x00007ffe355e0000 - 0x00007ffe3568e000 	C:\Windows\System32\ADVAPI32.dll
0x00007ffe34570000 - 0x00007ffe3460c000 	C:\Windows\System32\sechost.dll
0x00007ffe34440000 - 0x00007ffe34565000 	C:\Windows\System32\RPCRT4.dll
0x00007ffe34ce0000 - 0x00007ffe34ce8000 	C:\Windows\System32\PSAPI.DLL
0x00007ffe28ce0000 - 0x00007ffe28d07000 	C:\Windows\SYSTEM32\WINMM.dll
0x00007ffe18d70000 - 0x00007ffe18d79000 	C:\Windows\SYSTEM32\WSOCK32.dll
0x00007ffe35f30000 - 0x00007ffe35f9b000 	C:\Windows\System32\WS2_32.dll
0x00007ffe288a0000 - 0x00007ffe288aa000 	C:\Windows\SYSTEM32\VERSION.dll
0x00007ffe32140000 - 0x00007ffe32152000 	C:\Windows\SYSTEM32\kernel.appcore.dll
0x00007ffe2a580000 - 0x00007ffe2a591000 	C:\Program Files\Android\Android Studio\jre\bin\verify.dll
0x00007ffe2edb0000 - 0x00007ffe2ef94000 	C:\Windows\SYSTEM32\DBGHELP.DLL
0x00007ffe18b30000 - 0x00007ffe18b65000 	C:\Windows\SYSTEM32\dbgcore.DLL
0x00007ffe33c80000 - 0x00007ffe33d02000 	C:\Windows\System32\bcryptPrimitives.dll
0x00007ffe1d4d0000 - 0x00007ffe1d4f9000 	C:\Program Files\Android\Android Studio\jre\bin\java.dll
0x00007ffe2ad20000 - 0x00007ffe2ad2b000 	C:\Program Files\Android\Android Studio\jre\bin\jimage.dll
0x00007ffe2a150000 - 0x00007ffe2a168000 	C:\Program Files\Android\Android Studio\jre\bin\zip.dll
0x00007ffe34d20000 - 0x00007ffe35464000 	C:\Windows\System32\SHELL32.dll
0x00007ffe2e610000 - 0x00007ffe2eda2000 	C:\Windows\SYSTEM32\windows.storage.dll
0x00007ffe35840000 - 0x00007ffe35b95000 	C:\Windows\System32\combase.dll
0x00007ffe33300000 - 0x00007ffe33330000 	C:\Windows\SYSTEM32\Wldp.dll
0x00007ffe35470000 - 0x00007ffe3551d000 	C:\Windows\System32\SHCORE.dll
0x00007ffe342a0000 - 0x00007ffe342f5000 	C:\Windows\System32\shlwapi.dll
0x00007ffe337e0000 - 0x00007ffe337ff000 	C:\Windows\SYSTEM32\profapi.dll
0x00007ffe1ea50000 - 0x00007ffe1ea6a000 	C:\Program Files\Android\Android Studio\jre\bin\net.dll
0x00007ffe26260000 - 0x00007ffe2636c000 	C:\Windows\SYSTEM32\WINHTTP.dll
0x00007ffe33060000 - 0x00007ffe330ca000 	C:\Windows\system32\mswsock.dll
0x00007ffe1e060000 - 0x00007ffe1e074000 	C:\Program Files\Android\Android Studio\jre\bin\nio.dll
0x00007ffe14f40000 - 0x00007ffe14f67000 	C:\Users\hungn\.gradle\native\e1d6ef7f7dcc3fd88c89a11ec53ec762bb8ba0a96d01ffa2cd45eb1d1d8dd5c5\windows-amd64\native-platform.dll
0x00007ffe01190000 - 0x00007ffe012d4000 	C:\Users\hungn\.gradle\native\5664cfc778a61ccfe75a443a1ab52a65af34e5dc3c78e0209fed803814484fcb\windows-amd64\native-platform-file-events.dll
0x00007ffe2a940000 - 0x00007ffe2a94a000 	C:\Program Files\Android\Android Studio\jre\bin\management.dll
0x00007ffe1fb00000 - 0x00007ffe1fb0d000 	C:\Program Files\Android\Android Studio\jre\bin\management_ext.dll
0x00007ffe33250000 - 0x00007ffe33268000 	C:\Windows\SYSTEM32\CRYPTSP.dll
0x00007ffe32910000 - 0x00007ffe32944000 	C:\Windows\system32\rsaenh.dll
0x00007ffe34190000 - 0x00007ffe341b7000 	C:\Windows\System32\bcrypt.dll
0x00007ffe33760000 - 0x00007ffe3378e000 	C:\Windows\SYSTEM32\USERENV.dll
0x00007ffe33270000 - 0x00007ffe3327c000 	C:\Windows\SYSTEM32\CRYPTBASE.dll
0x00007ffe32d00000 - 0x00007ffe32d3b000 	C:\Windows\SYSTEM32\IPHLPAPI.DLL
0x00007ffe35c80000 - 0x00007ffe35c88000 	C:\Windows\System32\NSI.dll
0x00007ffe28af0000 - 0x00007ffe28b07000 	C:\Windows\SYSTEM32\dhcpcsvc6.DLL
0x00007ffe28ad0000 - 0x00007ffe28aed000 	C:\Windows\SYSTEM32\dhcpcsvc.DLL
0x00007ffe32d40000 - 0x00007ffe32e0a000 	C:\Windows\SYSTEM32\DNSAPI.dll

dbghelp: loaded successfully - version: 4.0.5 - missing functions: none
symbol engine: initialized successfully - sym options: 0x614 - pdb path: .;C:\Program Files\Android\Android Studio\jre\bin;C:\Windows\SYSTEM32;C:\Windows\WinSxS\amd64_microsoft.windows.common-controls_6595b64144ccf1df_6.0.19041.1110_none_60b5254171f9507e;C:\Program Files\Android\Android Studio\jre\bin\server;C:\Users\hungn\.gradle\native\e1d6ef7f7dcc3fd88c89a11ec53ec762bb8ba0a96d01ffa2cd45eb1d1d8dd5c5\windows-amd64;C:\Users\hungn\.gradle\native\5664cfc778a61ccfe75a443a1ab52a65af34e5dc3c78e0209fed803814484fcb\windows-amd64

VM Arguments:
jvm_args: --add-opens=java.base/java.util=ALL-UNNAMED --add-opens=java.base/java.lang=ALL-UNNAMED --add-opens=java.base/java.lang.invoke=ALL-UNNAMED --add-opens=java.base/java.util=ALL-UNNAMED --add-opens=java.prefs/java.util.prefs=ALL-UNNAMED --add-opens=java.prefs/java.util.prefs=ALL-UNNAMED --add-opens=java.base/java.nio.charset=ALL-UNNAMED --add-opens=java.base/java.net=ALL-UNNAMED --add-opens=java.base/java.util.concurrent.atomic=ALL-UNNAMED -Xmx2048m -Dfile.encoding=UTF-8 -Duser.country=US -Duser.language=en -Duser.variant 
java_command: org.gradle.launcher.daemon.bootstrap.GradleDaemon 7.3.3
java_class_path (initial): C:\Users\hungn\.gradle\wrapper\dists\gradle-7.3.3-bin\6a41zxkdtcxs8rphpq6y0069z\gradle-7.3.3\lib\gradle-launcher-7.3.3.jar
Launcher Type: SUN_STANDARD

[Global flags]
     intx CICompilerCount                          = 4                                         {product} {ergonomic}
     uint ConcGCThreads                            = 2                                         {product} {ergonomic}
     uint G1ConcRefinementThreads                  = 8                                         {product} {ergonomic}
   size_t G1HeapRegionSize                         = 1048576                                   {product} {ergonomic}
    uintx GCDrainStackTargetSize                   = 64                                        {product} {ergonomic}
   size_t InitialHeapSize                          = 199229440                                 {product} {ergonomic}
   size_t MarkStackSize                            = 4194304                                   {product} {ergonomic}
   size_t MaxHeapSize                              = 2147483648                                {product} {command line}
   size_t MaxNewSize                               = 1287651328                                {product} {ergonomic}
   size_t MinHeapDeltaBytes                        = 1048576                                   {product} {ergonomic}
    uintx NonNMethodCodeHeapSize                   = 5836300                                {pd product} {ergonomic}
    uintx NonProfiledCodeHeapSize                  = 122910970                              {pd product} {ergonomic}
    uintx ProfiledCodeHeapSize                     = 122910970                              {pd product} {ergonomic}
    uintx ReservedCodeCacheSize                    = 251658240                              {pd product} {ergonomic}
     bool SegmentedCodeCache                       = true                                      {product} {ergonomic}
     bool UseCompressedClassPointers               = true                                 {lp64_product} {ergonomic}
     bool UseCompressedOops                        = true                                 {lp64_product} {ergonomic}
     bool UseG1GC                                  = true                                      {product} {ergonomic}
     bool UseLargePagesIndividualAllocation        = false                                  {pd product} {ergonomic}

Logging:
Log output configuration:
 #0: stdout all=warning uptime,level,tags
 #1: stderr all=off uptime,level,tags

Environment Variables:
JAVA_HOME=C:\Program Files\Java\jdk-18.0.2.1
CLASSPATH=C:\Program Files\Java\jdk-18.0.2.1\lib
PATH=C:\Program Files (x86)\VMware\VMware Workstation\bin\;"C:\Program Files\Java\jdk-18.0.2.1\bin;";C:\Program Files\Common Files\Oracle\Java\javapath;C:\Windows\system32;C:\Windows;C:\Windows\System32\Wbem;C:\Windows\System32\WindowsPowerShell\v1.0\;C:\Windows\System32\OpenSSH\;C:\Program Files\nodejs\;C:\Program Files\Git\cmd;C:\Users\hungn\Anaconda3;C:\Users\hungn\Anaconda3\Library\mingw-w64\bin;C:\Users\hungn\Anaconda3\Library\usr\bin;C:\Users\hungn\Anaconda3\Library\bin;C:\Users\hungn\Anaconda3\Scripts;C:\Users\hungn\AppData\Local\Programs\Python\Python39\Scripts\;C:\Users\hungn\AppData\Local\Programs\Python\Python39\;C:\Program Files\Java\jdk-18.0.2.1\bin;C:\Users\hungn\AppData\Roaming\npm;C:\Users\hungn\AppData\Local\Programs\Microsoft VS Code\bin
USERNAME=hungn
OS=Windows_NT
PROCESSOR_IDENTIFIER=Intel64 Family 6 Model 142 Stepping 12, GenuineIntel



---------------  S Y S T E M  ---------------

OS: Windows 10 , 64 bit Build 19041 (10.0.19041.2364)
OS uptime: 1 days 1:35 hours

CPU:total 8 (initial active 8) (4 cores per cpu, 2 threads per core) family 6 model 142 stepping 12 microcode 0xde, cmov, cx8, fxsr, mmx, sse, sse2, sse3, ssse3, sse4.1, sse4.2, popcnt, avx, avx2, aes, clmul, erms, 3dnowpref, lzcnt, ht, tsc, tscinvbit, bmi1, bmi2, adx, fma

Memory: 4k page, system-wide physical 12139M (354M free)
TotalPageFile size 20331M (AvailPageFile size 4M)
current process WorkingSet (physical memory assigned to process): 212M, peak: 212M
current process commit charge ("private bytes"): 346M, peak: 356M

vm_info: OpenJDK 64-Bit Server VM (11.0.12+7-b1504.28-7817840) for windows-amd64 JRE (11.0.12+7-b1504.28-7817840), built on Oct 13 2021 22:12:33 by "builder" with MS VC++ 14.0 (VS2015)

END.
